<?xml version="1.0" encoding="UTF-8"?>
<!-- Generated by org.testng.reporters.JUnitReportReporter -->
<testsuite hostname="LAPTOP-TRG7KUO2" failures="0" tests="3" name="com.webdriver.runner.CustomGenericRunner" time="0.279" errors="0" timestamp="24 Nov 2021 14:10:07 GMT" skipped="3">
  <testcase classname="com.webdriver.runner.CustomGenericRunner" name="runScenario" time="0.004">
    <skipped/>
  </testcase> <!-- runScenario -->
  <testcase classname="com.webdriver.runner.CustomGenericRunner" name="runScenario" time="0.006">
    <skipped/>
  </testcase> <!-- runScenario -->
  <testcase classname="com.webdriver.runner.CustomGenericRunner" name="runScenario" time="0.269">
    <skipped/>
  </testcase> <!-- runScenario -->
</testsuite> <!-- com.webdriver.runner.CustomGenericRunner -->
